e:\7-12 2022\exterenal new\x64\release\vc143.pdb
e:\7-12 2022\exterenal new\x64\release\memory.obj
e:\7-12 2022\exterenal new\x64\release\main.obj
e:\7-12 2022\exterenal new\x64\release\hacks.obj
e:\7-12 2022\exterenal new\x64\release\globals.obj
e:\7-12 2022\exterenal new\x64\release\imgui_widgets.obj
e:\7-12 2022\exterenal new\x64\release\imgui_tables.obj
e:\7-12 2022\exterenal new\x64\release\imgui_impl_win32.obj
e:\7-12 2022\exterenal new\x64\release\imgui_impl_dx9.obj
e:\7-12 2022\exterenal new\x64\release\imgui_draw.obj
e:\7-12 2022\exterenal new\x64\release\imgui_demo.obj
e:\7-12 2022\exterenal new\x64\release\imgui.obj
f:\7-12 2022\exterenal new\x64\release\vc143.pdb
f:\7-12 2022\exterenal new\x64\release\memory.obj
f:\7-12 2022\exterenal new\x64\release\main.obj
f:\7-12 2022\exterenal new\x64\release\hacks.obj
f:\7-12 2022\exterenal new\x64\release\globals.obj
f:\7-12 2022\exterenal new\x64\release\imgui_widgets.obj
f:\7-12 2022\exterenal new\x64\release\imgui_tables.obj
f:\7-12 2022\exterenal new\x64\release\imgui_impl_win32.obj
f:\7-12 2022\exterenal new\x64\release\imgui_impl_dx9.obj
f:\7-12 2022\exterenal new\x64\release\imgui_draw.obj
f:\7-12 2022\exterenal new\x64\release\imgui_demo.obj
f:\7-12 2022\exterenal new\x64\release\imgui.obj
f:\7-12 2022\exterenal new\x64\release\externalia.ipdb
f:\7-12 2022\exterenal new\x64\release\externalia.iobj
e:\7-12 2022\exterenal new\x64\release\externalia.ipdb
e:\7-12 2022\exterenal new\x64\release\externalia.iobj
e:\7-12 2022\exterenal new\x64\release\externalia.exe
e:\7-12 2022\exterenal new\x64\release\externalia.pdb
f:\7-12 2022\exterenal new\x64\release\externalia.pdb
f:\7-12 2022\exterenal new\x64\release\externalia.tlog\cl.command.1.tlog
f:\7-12 2022\exterenal new\x64\release\externalia.tlog\cl.read.1.tlog
f:\7-12 2022\exterenal new\x64\release\externalia.tlog\cl.write.1.tlog
f:\7-12 2022\exterenal new\x64\release\externalia.tlog\externalia.write.1u.tlog
f:\7-12 2022\exterenal new\x64\release\externalia.tlog\link.command.1.tlog
f:\7-12 2022\exterenal new\x64\release\externalia.tlog\link.read.1.tlog
f:\7-12 2022\exterenal new\x64\release\externalia.tlog\link.write.1.tlog
